{"/Users/ayamhenibermeitei/Desktop/meatec/task-manager/src/test-utils.tsx": {"path":"/Users/ayamhenibermeitei/Desktop/meatec/task-manager/src/test-utils.tsx","statementMap":{"0":{"start":{"line":35,"column":4},"end":{"line":42,"column":null}},"1":{"start":{"line":45,"column":2},"end":{"line":45,"column":null}}},"fnMap":{"0":{"name":"renderWithProviders","decl":{"start":{"line":19,"column":16},"end":{"line":19,"column":null}},"loc":{"start":{"line":33,"column":2},"end":{"line":45,"column":null}},"line":33},"1":{"name":"Wrapper","decl":{"start":{"line":34,"column":11},"end":{"line":34,"column":19}},"loc":{"start":{"line":34,"column":79},"end":{"line":42,"column":null}},"line":34}},"branchMap":{"0":{"loc":{"start":{"line":21,"column":2},"end":{"line":32,"column":31}},"type":"default-arg","locations":[{"start":{"line":32,"column":29},"end":{"line":32,"column":31}}],"line":21},"1":{"loc":{"start":{"line":22,"column":4},"end":{"line":22,"column":23}},"type":"default-arg","locations":[{"start":{"line":22,"column":21},"end":{"line":22,"column":23}}],"line":22},"2":{"loc":{"start":{"line":24,"column":4},"end":{"line":30,"column":6}},"type":"default-arg","locations":[{"start":{"line":24,"column":4},"end":{"line":30,"column":6}}],"line":24}},"s":{"0":13,"1":13},"f":{"0":13,"1":13},"b":{"0":[13],"1":[13],"2":[13]},"meta":{"lastBranch":3,"lastFunction":2,"lastStatement":2,"seen":{"f:19:16:19:Infinity":0,"b:32:29:32:31":0,"b:22:21:22:23":1,"b:24:4:30:6":2,"f:34:11:34:19":1,"s:35:4:42:Infinity":0,"s:45:2:45:Infinity":1}}}
,"/Users/ayamhenibermeitei/Desktop/meatec/task-manager/src/context/ThemeContext.tsx": {"path":"/Users/ayamhenibermeitei/Desktop/meatec/task-manager/src/context/ThemeContext.tsx","statementMap":{"0":{"start":{"line":10,"column":6},"end":{"line":10,"column":75}},"1":{"start":{"line":12,"column":13},"end":{"line":35,"column":null}},"2":{"start":{"line":13,"column":16},"end":{"line":16,"column":null}},"3":{"start":{"line":14,"column":23},"end":{"line":14,"column":52}},"4":{"start":{"line":15,"column":4},"end":{"line":15,"column":null}},"5":{"start":{"line":18,"column":2},"end":{"line":26,"column":null}},"6":{"start":{"line":19,"column":4},"end":{"line":19,"column":null}},"7":{"start":{"line":20,"column":17},"end":{"line":20,"column":null}},"8":{"start":{"line":21,"column":4},"end":{"line":24,"column":null}},"9":{"start":{"line":22,"column":6},"end":{"line":22,"column":null}},"10":{"start":{"line":24,"column":6},"end":{"line":24,"column":null}},"11":{"start":{"line":28,"column":8},"end":{"line":29,"column":null}},"12":{"start":{"line":29,"column":4},"end":{"line":29,"column":null}},"13":{"start":{"line":29,"column":24},"end":{"line":29,"column":61}},"14":{"start":{"line":32,"column":2},"end":{"line":35,"column":null}},"15":{"start":{"line":40,"column":13},"end":{"line":45,"column":null}},"16":{"start":{"line":41,"column":8},"end":{"line":41,"column":42}},"17":{"start":{"line":42,"column":2},"end":{"line":43,"column":null}},"18":{"start":{"line":43,"column":4},"end":{"line":43,"column":null}},"19":{"start":{"line":45,"column":2},"end":{"line":45,"column":null}}},"fnMap":{"0":{"name":"(anonymous_0)","decl":{"start":{"line":12,"column":13},"end":{"line":12,"column":71}},"loc":{"start":{"line":12,"column":88},"end":{"line":35,"column":null}},"line":12},"1":{"name":"(anonymous_1)","decl":{"start":{"line":13,"column":28},"end":{"line":13,"column":50}},"loc":{"start":{"line":13,"column":50},"end":{"line":16,"column":null}},"line":13},"2":{"name":"(anonymous_2)","decl":{"start":{"line":18,"column":2},"end":{"line":18,"column":18}},"loc":{"start":{"line":18,"column":18},"end":{"line":26,"column":6}},"line":18},"3":{"name":"(anonymous_3)","decl":{"start":{"line":28,"column":8},"end":{"line":28,"column":28}},"loc":{"start":{"line":28,"column":28},"end":{"line":29,"column":null}},"line":28},"4":{"name":"(anonymous_4)","decl":{"start":{"line":29,"column":4},"end":{"line":29,"column":14}},"loc":{"start":{"line":29,"column":24},"end":{"line":29,"column":61}},"line":29},"5":{"name":"(anonymous_5)","decl":{"start":{"line":40,"column":13},"end":{"line":40,"column":30}},"loc":{"start":{"line":40,"column":30},"end":{"line":45,"column":null}},"line":40}},"branchMap":{"0":{"loc":{"start":{"line":15,"column":12},"end":{"line":15,"column":null}},"type":"binary-expr","locations":[{"start":{"line":15,"column":12},"end":{"line":15,"column":36}},{"start":{"line":15,"column":36},"end":{"line":15,"column":null}}],"line":15},"1":{"loc":{"start":{"line":21,"column":4},"end":{"line":24,"column":null}},"type":"if","locations":[{"start":{"line":21,"column":4},"end":{"line":24,"column":null}},{"start":{"line":23,"column":11},"end":{"line":24,"column":null}}],"line":21},"2":{"loc":{"start":{"line":29,"column":24},"end":{"line":29,"column":61}},"type":"cond-expr","locations":[{"start":{"line":29,"column":43},"end":{"line":29,"column":52}},{"start":{"line":29,"column":52},"end":{"line":29,"column":61}}],"line":29},"3":{"loc":{"start":{"line":42,"column":2},"end":{"line":43,"column":null}},"type":"if","locations":[{"start":{"line":42,"column":2},"end":{"line":43,"column":null}},{"start":{},"end":{}}],"line":42}},"s":{"0":2,"1":2,"2":13,"3":13,"4":13,"5":13,"6":13,"7":13,"8":13,"9":0,"10":13,"11":13,"12":0,"13":0,"14":13,"15":2,"16":46,"17":46,"18":0,"19":46},"f":{"0":13,"1":13,"2":13,"3":0,"4":0,"5":46},"b":{"0":[13,11],"1":[0,13],"2":[0,0],"3":[0,46]},"meta":{"lastBranch":4,"lastFunction":6,"lastStatement":20,"seen":{"s:10:6:10:75":0,"s:12:13:35:Infinity":1,"f:12:13:12:71":0,"s:13:16:16:Infinity":2,"f:13:28:13:50":1,"s:14:23:14:52":3,"s:15:4:15:Infinity":4,"b:15:12:15:36:15:36:15:Infinity":0,"s:18:2:26:Infinity":5,"f:18:2:18:18":2,"s:19:4:19:Infinity":6,"s:20:17:20:Infinity":7,"b:21:4:24:Infinity:23:11:24:Infinity":1,"s:21:4:24:Infinity":8,"s:22:6:22:Infinity":9,"s:24:6:24:Infinity":10,"s:28:8:29:Infinity":11,"f:28:8:28:28":3,"s:29:4:29:Infinity":12,"f:29:4:29:14":4,"s:29:24:29:61":13,"b:29:43:29:52:29:52:29:61":2,"s:32:2:35:Infinity":14,"s:40:13:45:Infinity":15,"f:40:13:40:30":5,"s:41:8:41:42":16,"b:42:2:43:Infinity:undefined:undefined:undefined:undefined":3,"s:42:2:43:Infinity":17,"s:43:4:43:Infinity":18,"s:45:2:45:Infinity":19}}}
,"/Users/ayamhenibermeitei/Desktop/meatec/task-manager/src/features/auth/Login.tsx": {"path":"/Users/ayamhenibermeitei/Desktop/meatec/task-manager/src/features/auth/Login.tsx","statementMap":{"0":{"start":{"line":13,"column":24},"end":{"line":13,"column":null}},"1":{"start":{"line":15,"column":20},"end":{"line":18,"column":2}},"2":{"start":{"line":20,"column":6},"end":{"line":181,"column":null}},"3":{"start":{"line":21,"column":8},"end":{"line":21,"column":32}},"4":{"start":{"line":22,"column":8},"end":{"line":22,"column":32}},"5":{"start":{"line":23,"column":17},"end":{"line":23,"column":43}},"6":{"start":{"line":24,"column":28},"end":{"line":24,"column":63}},"7":{"start":{"line":26,"column":2},"end":{"line":181,"column":null}},"8":{"start":{"line":98,"column":14},"end":{"line":109,"column":null}},"9":{"start":{"line":99,"column":16},"end":{"line":100,"column":null}},"10":{"start":{"line":100,"column":18},"end":{"line":100,"column":null}},"11":{"start":{"line":100,"column":47},"end":{"line":100,"column":71}},"12":{"start":{"line":102,"column":33},"end":{"line":102,"column":67}},"13":{"start":{"line":103,"column":16},"end":{"line":103,"column":null}},"14":{"start":{"line":104,"column":16},"end":{"line":104,"column":null}},"15":{"start":{"line":105,"column":16},"end":{"line":105,"column":null}},"16":{"start":{"line":107,"column":16},"end":{"line":107,"column":null}},"17":{"start":{"line":109,"column":16},"end":{"line":109,"column":null}},"18":{"start":{"line":114,"column":14},"end":{"line":174,"column":null}},"19":{"start":{"line":118,"column":22},"end":{"line":124,"column":null}},"20":{"start":{"line":138,"column":22},"end":{"line":144,"column":null}}},"fnMap":{"0":{"name":"(anonymous_0)","decl":{"start":{"line":20,"column":6},"end":{"line":20,"column":30}},"loc":{"start":{"line":20,"column":30},"end":{"line":181,"column":null}},"line":20},"1":{"name":"(anonymous_1)","decl":{"start":{"line":97,"column":22},"end":{"line":97,"column":29}},"loc":{"start":{"line":97,"column":59},"end":{"line":109,"column":null}},"line":97},"2":{"name":"(anonymous_2)","decl":{"start":{"line":100,"column":28},"end":{"line":100,"column":36}},"loc":{"start":{"line":100,"column":47},"end":{"line":100,"column":71}},"line":100},"3":{"name":"(anonymous_3)","decl":{"start":{"line":113,"column":14},"end":{"line":113,"column":16}},"loc":{"start":{"line":114,"column":14},"end":{"line":174,"column":null}},"line":114},"4":{"name":"(anonymous_4)","decl":{"start":{"line":117,"column":22},"end":{"line":117,"column":24}},"loc":{"start":{"line":118,"column":22},"end":{"line":124,"column":null}},"line":118},"5":{"name":"(anonymous_5)","decl":{"start":{"line":137,"column":22},"end":{"line":137,"column":24}},"loc":{"start":{"line":138,"column":22},"end":{"line":144,"column":null}},"line":138}},"branchMap":{"0":{"loc":{"start":{"line":34,"column":18},"end":{"line":34,"column":null}},"type":"cond-expr","locations":[{"start":{"line":34,"column":37},"end":{"line":34,"column":55}},{"start":{"line":34,"column":55},"end":{"line":34,"column":null}}],"line":34},"1":{"loc":{"start":{"line":80,"column":13},"end":{"line":88,"column":null}},"type":"binary-expr","locations":[{"start":{"line":80,"column":13},"end":{"line":80,"column":null}},{"start":{"line":81,"column":14},"end":{"line":88,"column":null}}],"line":80},"2":{"loc":{"start":{"line":99,"column":16},"end":{"line":100,"column":null}},"type":"if","locations":[{"start":{"line":99,"column":16},"end":{"line":100,"column":null}},{"start":{},"end":{}}],"line":99},"3":{"loc":{"start":{"line":123,"column":32},"end":{"line":123,"column":null}},"type":"cond-expr","locations":[{"start":{"line":123,"column":70},"end":{"line":123,"column":80}},{"start":{"line":123,"column":80},"end":{"line":123,"column":null}}],"line":123},"4":{"loc":{"start":{"line":123,"column":32},"end":{"line":123,"column":70}},"type":"binary-expr","locations":[{"start":{"line":123,"column":32},"end":{"line":123,"column":52}},{"start":{"line":123,"column":52},"end":{"line":123,"column":70}}],"line":123},"5":{"loc":{"start":{"line":129,"column":21},"end":{"line":130,"column":null}},"type":"binary-expr","locations":[{"start":{"line":129,"column":21},"end":{"line":129,"column":41}},{"start":{"line":129,"column":41},"end":{"line":129,"column":null}},{"start":{"line":130,"column":22},"end":{"line":130,"column":null}}],"line":129},"6":{"loc":{"start":{"line":143,"column":32},"end":{"line":143,"column":null}},"type":"cond-expr","locations":[{"start":{"line":143,"column":70},"end":{"line":143,"column":80}},{"start":{"line":143,"column":80},"end":{"line":143,"column":null}}],"line":143},"7":{"loc":{"start":{"line":143,"column":32},"end":{"line":143,"column":70}},"type":"binary-expr","locations":[{"start":{"line":143,"column":32},"end":{"line":143,"column":52}},{"start":{"line":143,"column":52},"end":{"line":143,"column":70}}],"line":143},"8":{"loc":{"start":{"line":149,"column":21},"end":{"line":150,"column":null}},"type":"binary-expr","locations":[{"start":{"line":149,"column":21},"end":{"line":149,"column":41}},{"start":{"line":149,"column":41},"end":{"line":149,"column":null}},{"start":{"line":150,"column":22},"end":{"line":150,"column":null}}],"line":149},"9":{"loc":{"start":{"line":164,"column":21},"end":{"line":164,"column":null}},"type":"cond-expr","locations":[{"start":{"line":164,"column":36},"end":{"line":164,"column":58}},{"start":{"line":164,"column":58},"end":{"line":164,"column":null}}],"line":164}},"s":{"0":1,"1":1,"2":1,"3":4,"4":4,"5":4,"6":4,"7":4,"8":2,"9":2,"10":0,"11":0,"12":2,"13":1,"14":1,"15":1,"16":1,"17":2,"18":55,"19":55,"20":55},"f":{"0":4,"1":2,"2":0,"3":55,"4":55,"5":55},"b":{"0":[0,4],"1":[4,1],"2":[0,2],"3":[0,55],"4":[55,34],"5":[55,34,0],"6":[0,55],"7":[55,6],"8":[55,6,0],"9":[2,53]},"meta":{"lastBranch":10,"lastFunction":6,"lastStatement":21,"seen":{"s:13:24:13:Infinity":0,"s:15:20:18:2":1,"s:20:6:181:Infinity":2,"f:20:6:20:30":0,"s:21:8:21:32":3,"s:22:8:22:32":4,"s:23:17:23:43":5,"s:24:28:24:63":6,"s:26:2:181:Infinity":7,"b:34:37:34:55:34:55:34:Infinity":0,"b:80:13:80:Infinity:81:14:88:Infinity":1,"f:97:22:97:29":1,"s:98:14:109:Infinity":8,"b:99:16:100:Infinity:undefined:undefined:undefined:undefined":2,"s:99:16:100:Infinity":9,"s:100:18:100:Infinity":10,"f:100:28:100:36":2,"s:100:47:100:71":11,"s:102:33:102:67":12,"s:103:16:103:Infinity":13,"s:104:16:104:Infinity":14,"s:105:16:105:Infinity":15,"s:107:16:107:Infinity":16,"s:109:16:109:Infinity":17,"f:113:14:113:16":3,"s:114:14:174:Infinity":18,"f:117:22:117:24":4,"s:118:22:124:Infinity":19,"b:123:70:123:80:123:80:123:Infinity":3,"b:123:32:123:52:123:52:123:70":4,"b:129:21:129:41:129:41:129:Infinity:130:22:130:Infinity":5,"f:137:22:137:24":5,"s:138:22:144:Infinity":20,"b:143:70:143:80:143:80:143:Infinity":6,"b:143:32:143:52:143:52:143:70":7,"b:149:21:149:41:149:41:149:Infinity:150:22:150:Infinity":8,"b:164:36:164:58:164:58:164:Infinity":9}}}
,"/Users/ayamhenibermeitei/Desktop/meatec/task-manager/src/features/auth/authSlice.ts": {"path":"/Users/ayamhenibermeitei/Desktop/meatec/task-manager/src/features/auth/authSlice.ts","statementMap":{"0":{"start":{"line":14,"column":32},"end":{"line":17,"column":null}},"1":{"start":{"line":19,"column":6},"end":{"line":34,"column":2}},"2":{"start":{"line":24,"column":12},"end":{"line":24,"column":null}},"3":{"start":{"line":25,"column":12},"end":{"line":25,"column":null}},"4":{"start":{"line":26,"column":12},"end":{"line":26,"column":null}},"5":{"start":{"line":29,"column":12},"end":{"line":29,"column":null}},"6":{"start":{"line":30,"column":12},"end":{"line":30,"column":null}},"7":{"start":{"line":31,"column":12},"end":{"line":31,"column":null}},"8":{"start":{"line":36,"column":33},"end":{"line":36,"column":null}}},"fnMap":{"0":{"name":"(anonymous_0)","decl":{"start":{"line":23,"column":8},"end":{"line":23,"column":16}},"loc":{"start":{"line":23,"column":55},"end":{"line":26,"column":null}},"line":23},"1":{"name":"(anonymous_1)","decl":{"start":{"line":28,"column":8},"end":{"line":28,"column":17}},"loc":{"start":{"line":28,"column":27},"end":{"line":31,"column":null}},"line":28}},"branchMap":{"0":{"loc":{"start":{"line":15,"column":21},"end":{"line":15,"column":60}},"type":"binary-expr","locations":[{"start":{"line":15,"column":21},"end":{"line":15,"column":49}},{"start":{"line":15,"column":53},"end":{"line":15,"column":60}}],"line":15}},"s":{"0":3,"1":3,"2":2,"3":2,"4":2,"5":2,"6":2,"7":2,"8":3},"f":{"0":2,"1":2},"b":{"0":[3,3]},"meta":{"lastBranch":1,"lastFunction":2,"lastStatement":9,"seen":{"s:14:32:17:Infinity":0,"b:15:21:15:49:15:53:15:60":0,"s:19:6:34:2":1,"f:23:8:23:16":0,"s:24:12:24:Infinity":2,"s:25:12:25:Infinity":3,"s:26:12:26:Infinity":4,"f:28:8:28:17":1,"s:29:12:29:Infinity":5,"s:30:12:30:Infinity":6,"s:31:12:31:Infinity":7,"s:36:33:36:Infinity":8}}}
,"/Users/ayamhenibermeitei/Desktop/meatec/task-manager/src/features/tasks/Dashboard.tsx": {"path":"/Users/ayamhenibermeitei/Desktop/meatec/task-manager/src/features/tasks/Dashboard.tsx","statementMap":{"0":{"start":{"line":18,"column":24},"end":{"line":18,"column":null}},"1":{"start":{"line":20,"column":6},"end":{"line":299,"column":null}},"2":{"start":{"line":21,"column":8},"end":{"line":21,"column":32}},"3":{"start":{"line":22,"column":17},"end":{"line":22,"column":75}},"4":{"start":{"line":22,"column":63},"end":{"line":22,"column":75}},"5":{"start":{"line":23,"column":17},"end":{"line":23,"column":43}},"6":{"start":{"line":25,"column":25},"end":{"line":25,"column":61}},"7":{"start":{"line":26,"column":22},"end":{"line":26,"column":77}},"8":{"start":{"line":27,"column":23},"end":{"line":27,"column":65}},"9":{"start":{"line":28,"column":21},"end":{"line":28,"column":50}},"10":{"start":{"line":30,"column":8},"end":{"line":43,"column":16}},"11":{"start":{"line":31,"column":4},"end":{"line":31,"column":null}},"12":{"start":{"line":32,"column":4},"end":{"line":41,"column":null}},"13":{"start":{"line":33,"column":6},"end":{"line":34,"column":null}},"14":{"start":{"line":34,"column":8},"end":{"line":34,"column":null}},"15":{"start":{"line":34,"column":37},"end":{"line":34,"column":62}},"16":{"start":{"line":36,"column":23},"end":{"line":36,"column":48}},"17":{"start":{"line":37,"column":6},"end":{"line":37,"column":null}},"18":{"start":{"line":39,"column":6},"end":{"line":39,"column":null}},"19":{"start":{"line":41,"column":6},"end":{"line":41,"column":null}},"20":{"start":{"line":45,"column":2},"end":{"line":47,"column":null}},"21":{"start":{"line":46,"column":4},"end":{"line":46,"column":null}},"22":{"start":{"line":49,"column":31},"end":{"line":63,"column":null}},"23":{"start":{"line":50,"column":4},"end":{"line":63,"column":null}},"24":{"start":{"line":51,"column":6},"end":{"line":58,"column":null}},"25":{"start":{"line":52,"column":25},"end":{"line":52,"column":76}},"26":{"start":{"line":53,"column":8},"end":{"line":53,"column":null}},"27":{"start":{"line":54,"column":8},"end":{"line":54,"column":null}},"28":{"start":{"line":56,"column":25},"end":{"line":56,"column":59}},"29":{"start":{"line":57,"column":8},"end":{"line":57,"column":null}},"30":{"start":{"line":58,"column":8},"end":{"line":58,"column":null}},"31":{"start":{"line":60,"column":6},"end":{"line":60,"column":null}},"32":{"start":{"line":61,"column":6},"end":{"line":61,"column":null}},"33":{"start":{"line":63,"column":6},"end":{"line":63,"column":null}},"34":{"start":{"line":67,"column":23},"end":{"line":73,"column":null}},"35":{"start":{"line":68,"column":4},"end":{"line":73,"column":null}},"36":{"start":{"line":69,"column":6},"end":{"line":69,"column":null}},"37":{"start":{"line":70,"column":6},"end":{"line":70,"column":null}},"38":{"start":{"line":71,"column":6},"end":{"line":71,"column":null}},"39":{"start":{"line":73,"column":6},"end":{"line":73,"column":null}},"40":{"start":{"line":77,"column":24},"end":{"line":82,"column":null}},"41":{"start":{"line":78,"column":26},"end":{"line":78,"column":null}},"42":{"start":{"line":79,"column":26},"end":{"line":80,"column":91}},"43":{"start":{"line":81,"column":4},"end":{"line":81,"column":null}},"44":{"start":{"line":84,"column":8},"end":{"line":89,"column":null}},"45":{"start":{"line":85,"column":4},"end":{"line":89,"column":null}},"46":{"start":{"line":86,"column":19},"end":{"line":86,"column":null}},"47":{"start":{"line":87,"column":26},"end":{"line":87,"column":null}},"48":{"start":{"line":88,"column":19},"end":{"line":88,"column":null}},"49":{"start":{"line":89,"column":15},"end":{"line":89,"column":null}},"50":{"start":{"line":93,"column":2},"end":{"line":299,"column":null}},"51":{"start":{"line":130,"column":18},"end":{"line":130,"column":null}},"52":{"start":{"line":131,"column":18},"end":{"line":131,"column":null}},"53":{"start":{"line":144,"column":29},"end":{"line":144,"column":47}},"54":{"start":{"line":157,"column":31},"end":{"line":157,"column":60}},"55":{"start":{"line":166,"column":16},"end":{"line":176,"column":null}},"56":{"start":{"line":168,"column":33},"end":{"line":168,"column":56}},"57":{"start":{"line":192,"column":45},"end":{"line":192,"column":null}},"58":{"start":{"line":203,"column":33},"end":{"line":203,"column":59}},"59":{"start":{"line":204,"column":18},"end":{"line":244,"column":null}},"60":{"start":{"line":215,"column":77},"end":{"line":215,"column":99}},"61":{"start":{"line":215,"column":99},"end":{"line":215,"column":127}},"62":{"start":{"line":218,"column":81},"end":{"line":218,"column":102}},"63":{"start":{"line":263,"column":33},"end":{"line":263,"column":56}},"64":{"start":{"line":280,"column":12},"end":{"line":280,"column":null}},"65":{"start":{"line":281,"column":12},"end":{"line":281,"column":null}},"66":{"start":{"line":295,"column":28},"end":{"line":295,"column":null}}},"fnMap":{"0":{"name":"(anonymous_0)","decl":{"start":{"line":20,"column":6},"end":{"line":20,"column":34}},"loc":{"start":{"line":20,"column":34},"end":{"line":299,"column":null}},"line":20},"1":{"name":"(anonymous_1)","decl":{"start":{"line":22,"column":29},"end":{"line":22,"column":42}},"loc":{"start":{"line":22,"column":63},"end":{"line":22,"column":75}},"line":22},"2":{"name":"(anonymous_2)","decl":{"start":{"line":30,"column":33},"end":{"line":30,"column":45}},"loc":{"start":{"line":30,"column":45},"end":{"line":43,"column":6}},"line":30},"3":{"name":"(anonymous_3)","decl":{"start":{"line":34,"column":18},"end":{"line":34,"column":26}},"loc":{"start":{"line":34,"column":37},"end":{"line":34,"column":62}},"line":34},"4":{"name":"(anonymous_4)","decl":{"start":{"line":45,"column":2},"end":{"line":45,"column":18}},"loc":{"start":{"line":45,"column":18},"end":{"line":47,"column":6}},"line":45},"5":{"name":"(anonymous_5)","decl":{"start":{"line":49,"column":31},"end":{"line":49,"column":38}},"loc":{"start":{"line":49,"column":55},"end":{"line":63,"column":null}},"line":49},"6":{"name":"(anonymous_6)","decl":{"start":{"line":67,"column":23},"end":{"line":67,"column":30}},"loc":{"start":{"line":67,"column":45},"end":{"line":73,"column":null}},"line":67},"7":{"name":"(anonymous_7)","decl":{"start":{"line":77,"column":30},"end":{"line":77,"column":38}},"loc":{"start":{"line":77,"column":47},"end":{"line":82,"column":null}},"line":77},"8":{"name":"(anonymous_8)","decl":{"start":{"line":84,"column":8},"end":{"line":84,"column":25}},"loc":{"start":{"line":84,"column":44},"end":{"line":89,"column":null}},"line":84},"9":{"name":"(anonymous_9)","decl":{"start":{"line":129,"column":16},"end":{"line":129,"column":31}},"loc":{"start":{"line":129,"column":31},"end":{"line":131,"column":null}},"line":129},"10":{"name":"(anonymous_10)","decl":{"start":{"line":144,"column":14},"end":{"line":144,"column":29}},"loc":{"start":{"line":144,"column":29},"end":{"line":144,"column":47}},"line":144},"11":{"name":"(anonymous_11)","decl":{"start":{"line":157,"column":14},"end":{"line":157,"column":25}},"loc":{"start":{"line":157,"column":31},"end":{"line":157,"column":60}},"line":157},"12":{"name":"(anonymous_12)","decl":{"start":{"line":165,"column":54},"end":{"line":165,"column":59}},"loc":{"start":{"line":166,"column":16},"end":{"line":176,"column":null}},"line":166},"13":{"name":"(anonymous_13)","decl":{"start":{"line":168,"column":18},"end":{"line":168,"column":33}},"loc":{"start":{"line":168,"column":33},"end":{"line":168,"column":56}},"line":168},"14":{"name":"(anonymous_14)","decl":{"start":{"line":192,"column":34},"end":{"line":192,"column":39}},"loc":{"start":{"line":192,"column":45},"end":{"line":192,"column":null}},"line":192},"15":{"name":"(anonymous_15)","decl":{"start":{"line":202,"column":31},"end":{"line":202,"column":36}},"loc":{"start":{"line":202,"column":48},"end":{"line":244,"column":null}},"line":202},"16":{"name":"(anonymous_16)","decl":{"start":{"line":215,"column":60},"end":{"line":215,"column":75}},"loc":{"start":{"line":215,"column":75},"end":{"line":215,"column":127}},"line":215},"17":{"name":"(anonymous_17)","decl":{"start":{"line":218,"column":64},"end":{"line":218,"column":81}},"loc":{"start":{"line":218,"column":81},"end":{"line":218,"column":102}},"line":218},"18":{"name":"(anonymous_18)","decl":{"start":{"line":263,"column":18},"end":{"line":263,"column":33}},"loc":{"start":{"line":263,"column":33},"end":{"line":263,"column":56}},"line":263},"19":{"name":"(anonymous_19)","decl":{"start":{"line":279,"column":10},"end":{"line":279,"column":26}},"loc":{"start":{"line":279,"column":26},"end":{"line":281,"column":null}},"line":279},"20":{"name":"(anonymous_20)","decl":{"start":{"line":295,"column":12},"end":{"line":295,"column":28}},"loc":{"start":{"line":295,"column":28},"end":{"line":295,"column":null}},"line":295}},"branchMap":{"0":{"loc":{"start":{"line":33,"column":6},"end":{"line":34,"column":null}},"type":"if","locations":[{"start":{"line":33,"column":6},"end":{"line":34,"column":null}},{"start":{},"end":{}}],"line":33},"1":{"loc":{"start":{"line":51,"column":6},"end":{"line":58,"column":null}},"type":"if","locations":[{"start":{"line":51,"column":6},"end":{"line":58,"column":null}},{"start":{"line":55,"column":13},"end":{"line":58,"column":null}}],"line":51},"2":{"loc":{"start":{"line":78,"column":26},"end":{"line":78,"column":null}},"type":"binary-expr","locations":[{"start":{"line":78,"column":26},"end":{"line":78,"column":52}},{"start":{"line":78,"column":52},"end":{"line":78,"column":null}}],"line":78},"3":{"loc":{"start":{"line":79,"column":26},"end":{"line":80,"column":91}},"type":"binary-expr","locations":[{"start":{"line":79,"column":26},"end":{"line":79,"column":85}},{"start":{"line":80,"column":26},"end":{"line":80,"column":91}}],"line":79},"4":{"loc":{"start":{"line":81,"column":11},"end":{"line":81,"column":null}},"type":"binary-expr","locations":[{"start":{"line":81,"column":11},"end":{"line":81,"column":28}},{"start":{"line":81,"column":28},"end":{"line":81,"column":null}}],"line":81},"5":{"loc":{"start":{"line":85,"column":4},"end":{"line":89,"column":null}},"type":"switch","locations":[{"start":{"line":86,"column":6},"end":{"line":86,"column":null}},{"start":{"line":87,"column":6},"end":{"line":87,"column":null}},{"start":{"line":88,"column":6},"end":{"line":88,"column":null}},{"start":{"line":89,"column":6},"end":{"line":89,"column":null}}],"line":85},"6":{"loc":{"start":{"line":118,"column":22},"end":{"line":118,"column":null}},"type":"cond-expr","locations":[{"start":{"line":118,"column":41},"end":{"line":118,"column":59}},{"start":{"line":118,"column":59},"end":{"line":118,"column":null}}],"line":118},"7":{"loc":{"start":{"line":170,"column":20},"end":{"line":172,"column":null}},"type":"cond-expr","locations":[{"start":{"line":171,"column":22},"end":{"line":171,"column":null}},{"start":{"line":172,"column":22},"end":{"line":172,"column":null}}],"line":170},"8":{"loc":{"start":{"line":184,"column":11},"end":{"line":250,"column":null}},"type":"cond-expr","locations":[{"start":{"line":185,"column":12},"end":{"line":193,"column":null}},{"start":{"line":195,"column":12},"end":{"line":250,"column":null}}],"line":184},"9":{"loc":{"start":{"line":195,"column":12},"end":{"line":250,"column":null}},"type":"cond-expr","locations":[{"start":{"line":196,"column":14},"end":{"line":247,"column":null}},{"start":{"line":249,"column":14},"end":{"line":250,"column":null}}],"line":195},"10":{"loc":{"start":{"line":275,"column":13},"end":{"line":275,"column":null}},"type":"cond-expr","locations":[{"start":{"line":275,"column":27},"end":{"line":275,"column":46}},{"start":{"line":275,"column":46},"end":{"line":275,"column":null}}],"line":275},"11":{"loc":{"start":{"line":276,"column":13},"end":{"line":276,"column":null}},"type":"cond-expr","locations":[{"start":{"line":276,"column":27},"end":{"line":276,"column":45}},{"start":{"line":276,"column":45},"end":{"line":276,"column":null}}],"line":276}},"s":{"0":1,"1":1,"2":42,"3":42,"4":84,"5":42,"6":42,"7":42,"8":42,"9":42,"10":42,"11":10,"12":10,"13":10,"14":0,"15":0,"16":10,"17":9,"18":1,"19":10,"20":42,"21":10,"22":42,"23":3,"24":3,"25":1,"26":1,"27":1,"28":2,"29":1,"30":1,"31":2,"32":2,"33":1,"34":42,"35":1,"36":1,"37":1,"38":1,"39":0,"40":42,"41":44,"42":44,"43":44,"44":42,"45":43,"46":22,"47":21,"48":0,"49":0,"50":42,"51":3,"52":3,"53":1,"54":6,"55":168,"56":0,"57":60,"58":43,"59":43,"60":1,"61":1,"62":1,"63":0,"64":0,"65":0,"66":0},"f":{"0":42,"1":84,"2":10,"3":0,"4":10,"5":3,"6":1,"7":44,"8":43,"9":3,"10":1,"11":6,"12":168,"13":0,"14":60,"15":43,"16":1,"17":1,"18":0,"19":0,"20":0},"b":{"0":[0,10],"1":[1,2],"2":[44,0],"3":[44,1],"4":[44,44],"5":[22,21,0,0],"6":[0,42],"7":[42,126],"8":[10,32],"9":[22,10],"10":[1,41],"11":[1,41]},"meta":{"lastBranch":12,"lastFunction":21,"lastStatement":67,"seen":{"s:18:24:18:Infinity":0,"s:20:6:299:Infinity":1,"f:20:6:20:34":0,"s:21:8:21:32":2,"s:22:17:22:75":3,"f:22:29:22:42":1,"s:22:63:22:75":4,"s:23:17:23:43":5,"s:25:25:25:61":6,"s:26:22:26:77":7,"s:27:23:27:65":8,"s:28:21:28:50":9,"s:30:8:43:16":10,"f:30:33:30:45":2,"s:31:4:31:Infinity":11,"s:32:4:41:Infinity":12,"b:33:6:34:Infinity:undefined:undefined:undefined:undefined":0,"s:33:6:34:Infinity":13,"s:34:8:34:Infinity":14,"f:34:18:34:26":3,"s:34:37:34:62":15,"s:36:23:36:48":16,"s:37:6:37:Infinity":17,"s:39:6:39:Infinity":18,"s:41:6:41:Infinity":19,"s:45:2:47:Infinity":20,"f:45:2:45:18":4,"s:46:4:46:Infinity":21,"s:49:31:63:Infinity":22,"f:49:31:49:38":5,"s:50:4:63:Infinity":23,"b:51:6:58:Infinity:55:13:58:Infinity":1,"s:51:6:58:Infinity":24,"s:52:25:52:76":25,"s:53:8:53:Infinity":26,"s:54:8:54:Infinity":27,"s:56:25:56:59":28,"s:57:8:57:Infinity":29,"s:58:8:58:Infinity":30,"s:60:6:60:Infinity":31,"s:61:6:61:Infinity":32,"s:63:6:63:Infinity":33,"s:67:23:73:Infinity":34,"f:67:23:67:30":6,"s:68:4:73:Infinity":35,"s:69:6:69:Infinity":36,"s:70:6:70:Infinity":37,"s:71:6:71:Infinity":38,"s:73:6:73:Infinity":39,"s:77:24:82:Infinity":40,"f:77:30:77:38":7,"s:78:26:78:Infinity":41,"b:78:26:78:52:78:52:78:Infinity":2,"s:79:26:80:91":42,"b:79:26:79:85:80:26:80:91":3,"s:81:4:81:Infinity":43,"b:81:11:81:28:81:28:81:Infinity":4,"s:84:8:89:Infinity":44,"f:84:8:84:25":8,"b:86:6:86:Infinity:87:6:87:Infinity:88:6:88:Infinity:89:6:89:Infinity":5,"s:85:4:89:Infinity":45,"s:86:19:86:Infinity":46,"s:87:26:87:Infinity":47,"s:88:19:88:Infinity":48,"s:89:15:89:Infinity":49,"s:93:2:299:Infinity":50,"b:118:41:118:59:118:59:118:Infinity":6,"f:129:16:129:31":9,"s:130:18:130:Infinity":51,"s:131:18:131:Infinity":52,"f:144:14:144:29":10,"s:144:29:144:47":53,"f:157:14:157:25":11,"s:157:31:157:60":54,"f:165:54:165:59":12,"s:166:16:176:Infinity":55,"f:168:18:168:33":13,"s:168:33:168:56":56,"b:171:22:171:Infinity:172:22:172:Infinity":7,"b:185:12:193:Infinity:195:12:250:Infinity":8,"f:192:34:192:39":14,"s:192:45:192:Infinity":57,"b:196:14:247:Infinity:249:14:250:Infinity":9,"f:202:31:202:36":15,"s:203:33:203:59":58,"s:204:18:244:Infinity":59,"f:215:60:215:75":16,"s:215:77:215:99":60,"s:215:99:215:127":61,"f:218:64:218:81":17,"s:218:81:218:102":62,"f:263:18:263:33":18,"s:263:33:263:56":63,"b:275:27:275:46:275:46:275:Infinity":10,"b:276:27:276:45:276:45:276:Infinity":11,"f:279:10:279:26":19,"s:280:12:280:Infinity":64,"s:281:12:281:Infinity":65,"f:295:12:295:28":20,"s:295:28:295:Infinity":66}}}
,"/Users/ayamhenibermeitei/Desktop/meatec/task-manager/src/features/tasks/SkeletonTask.tsx": {"path":"/Users/ayamhenibermeitei/Desktop/meatec/task-manager/src/features/tasks/SkeletonTask.tsx","statementMap":{"0":{"start":{"line":3,"column":6},"end":{"line":18,"column":null}},"1":{"start":{"line":4,"column":2},"end":{"line":18,"column":null}}},"fnMap":{"0":{"name":"(anonymous_0)","decl":{"start":{"line":3,"column":6},"end":{"line":3,"column":37}},"loc":{"start":{"line":3,"column":37},"end":{"line":18,"column":null}},"line":3}},"branchMap":{},"s":{"0":1,"1":60},"f":{"0":60},"b":{},"meta":{"lastBranch":0,"lastFunction":1,"lastStatement":2,"seen":{"s:3:6:18:Infinity":0,"f:3:6:3:37":0,"s:4:2:18:Infinity":1}}}
,"/Users/ayamhenibermeitei/Desktop/meatec/task-manager/src/features/tasks/TaskForm.tsx": {"path":"/Users/ayamhenibermeitei/Desktop/meatec/task-manager/src/features/tasks/TaskForm.tsx","statementMap":{"0":{"start":{"line":8,"column":19},"end":{"line":8,"column":null}},"1":{"start":{"line":9,"column":21},"end":{"line":9,"column":null}},"2":{"start":{"line":11,"column":19},"end":{"line":15,"column":2}},"3":{"start":{"line":24,"column":6},"end":{"line":115,"column":null}},"4":{"start":{"line":25,"column":30},"end":{"line":30,"column":null}},"5":{"start":{"line":32,"column":2},"end":{"line":115,"column":null}},"6":{"start":{"line":37,"column":8},"end":{"line":37,"column":null}},"7":{"start":{"line":42,"column":8},"end":{"line":111,"column":null}},"8":{"start":{"line":47,"column":16},"end":{"line":52,"column":null}},"9":{"start":{"line":67,"column":16},"end":{"line":73,"column":null}},"10":{"start":{"line":88,"column":35},"end":{"line":88,"column":65}}},"fnMap":{"0":{"name":"(anonymous_0)","decl":{"start":{"line":24,"column":6},"end":{"line":24,"column":43}},"loc":{"start":{"line":24,"column":96},"end":{"line":115,"column":null}},"line":24},"1":{"name":"(anonymous_1)","decl":{"start":{"line":36,"column":6},"end":{"line":36,"column":17}},"loc":{"start":{"line":36,"column":28},"end":{"line":37,"column":null}},"line":36},"2":{"name":"(anonymous_2)","decl":{"start":{"line":41,"column":8},"end":{"line":41,"column":10}},"loc":{"start":{"line":42,"column":8},"end":{"line":111,"column":null}},"line":42},"3":{"name":"(anonymous_3)","decl":{"start":{"line":46,"column":16},"end":{"line":46,"column":18}},"loc":{"start":{"line":47,"column":16},"end":{"line":52,"column":null}},"line":47},"4":{"name":"(anonymous_4)","decl":{"start":{"line":66,"column":16},"end":{"line":66,"column":18}},"loc":{"start":{"line":67,"column":16},"end":{"line":73,"column":null}},"line":67},"5":{"name":"(anonymous_5)","decl":{"start":{"line":88,"column":14},"end":{"line":88,"column":25}},"loc":{"start":{"line":88,"column":35},"end":{"line":88,"column":65}},"line":88}},"branchMap":{"0":{"loc":{"start":{"line":34,"column":21},"end":{"line":34,"column":null}},"type":"binary-expr","locations":[{"start":{"line":34,"column":21},"end":{"line":34,"column":38}},{"start":{"line":34,"column":38},"end":{"line":34,"column":null}}],"line":34},"1":{"loc":{"start":{"line":51,"column":26},"end":{"line":51,"column":null}},"type":"cond-expr","locations":[{"start":{"line":51,"column":58},"end":{"line":51,"column":68}},{"start":{"line":51,"column":68},"end":{"line":51,"column":null}}],"line":51},"2":{"loc":{"start":{"line":51,"column":26},"end":{"line":51,"column":58}},"type":"binary-expr","locations":[{"start":{"line":51,"column":26},"end":{"line":51,"column":43}},{"start":{"line":51,"column":43},"end":{"line":51,"column":58}}],"line":51},"3":{"loc":{"start":{"line":57,"column":15},"end":{"line":58,"column":null}},"type":"binary-expr","locations":[{"start":{"line":57,"column":15},"end":{"line":57,"column":32}},{"start":{"line":57,"column":32},"end":{"line":57,"column":null}},{"start":{"line":58,"column":16},"end":{"line":58,"column":null}}],"line":57},"4":{"loc":{"start":{"line":72,"column":26},"end":{"line":72,"column":null}},"type":"cond-expr","locations":[{"start":{"line":72,"column":70},"end":{"line":72,"column":80}},{"start":{"line":72,"column":80},"end":{"line":72,"column":null}}],"line":72},"5":{"loc":{"start":{"line":72,"column":26},"end":{"line":72,"column":70}},"type":"binary-expr","locations":[{"start":{"line":72,"column":26},"end":{"line":72,"column":49}},{"start":{"line":72,"column":49},"end":{"line":72,"column":70}}],"line":72},"6":{"loc":{"start":{"line":78,"column":15},"end":{"line":79,"column":null}},"type":"binary-expr","locations":[{"start":{"line":78,"column":15},"end":{"line":78,"column":38}},{"start":{"line":78,"column":38},"end":{"line":78,"column":null}},{"start":{"line":79,"column":16},"end":{"line":79,"column":null}}],"line":78},"7":{"loc":{"start":{"line":110,"column":15},"end":{"line":110,"column":null}},"type":"cond-expr","locations":[{"start":{"line":110,"column":35},"end":{"line":110,"column":55}},{"start":{"line":110,"column":55},"end":{"line":110,"column":null}}],"line":110}},"s":{"0":1,"1":1,"2":1,"3":1,"4":4,"5":4,"6":3,"7":125,"8":125,"9":125,"10":0},"f":{"0":4,"1":3,"2":125,"3":125,"4":125,"5":0},"b":{"0":[4,3],"1":[0,125],"2":[125,48],"3":[125,48,0],"4":[0,125],"5":[125,6],"6":[125,6,0],"7":[42,83]},"meta":{"lastBranch":8,"lastFunction":6,"lastStatement":11,"seen":{"s:8:19:8:Infinity":0,"s:9:21:9:Infinity":1,"s:11:19:15:2":2,"s:24:6:115:Infinity":3,"f:24:6:24:43":0,"s:25:30:30:Infinity":4,"s:32:2:115:Infinity":5,"b:34:21:34:38:34:38:34:Infinity":0,"f:36:6:36:17":1,"s:37:8:37:Infinity":6,"f:41:8:41:10":2,"s:42:8:111:Infinity":7,"f:46:16:46:18":3,"s:47:16:52:Infinity":8,"b:51:58:51:68:51:68:51:Infinity":1,"b:51:26:51:43:51:43:51:58":2,"b:57:15:57:32:57:32:57:Infinity:58:16:58:Infinity":3,"f:66:16:66:18":4,"s:67:16:73:Infinity":9,"b:72:70:72:80:72:80:72:Infinity":4,"b:72:26:72:49:72:49:72:70":5,"b:78:15:78:38:78:38:78:Infinity:79:16:79:Infinity":6,"f:88:14:88:25":5,"s:88:35:88:65":10,"b:110:35:110:55:110:55:110:Infinity":7}}}
,"/Users/ayamhenibermeitei/Desktop/meatec/task-manager/src/features/tasks/tasksSlice.ts": {"path":"/Users/ayamhenibermeitei/Desktop/meatec/task-manager/src/features/tasks/tasksSlice.ts","statementMap":{"0":{"start":{"line":16,"column":33},"end":{"line":20,"column":null}},"1":{"start":{"line":22,"column":6},"end":{"line":48,"column":2}},"2":{"start":{"line":27,"column":12},"end":{"line":27,"column":null}},"3":{"start":{"line":30,"column":12},"end":{"line":30,"column":null}},"4":{"start":{"line":33,"column":26},"end":{"line":33,"column":82}},"5":{"start":{"line":33,"column":55},"end":{"line":33,"column":82}},"6":{"start":{"line":34,"column":12},"end":{"line":35,"column":null}},"7":{"start":{"line":35,"column":16},"end":{"line":35,"column":null}},"8":{"start":{"line":39,"column":12},"end":{"line":39,"column":null}},"9":{"start":{"line":39,"column":52},"end":{"line":39,"column":76}},"10":{"start":{"line":42,"column":12},"end":{"line":42,"column":null}},"11":{"start":{"line":45,"column":12},"end":{"line":45,"column":null}},"12":{"start":{"line":50,"column":83},"end":{"line":50,"column":null}}},"fnMap":{"0":{"name":"(anonymous_0)","decl":{"start":{"line":26,"column":8},"end":{"line":26,"column":19}},"loc":{"start":{"line":26,"column":60},"end":{"line":27,"column":null}},"line":26},"1":{"name":"(anonymous_1)","decl":{"start":{"line":29,"column":8},"end":{"line":29,"column":18}},"loc":{"start":{"line":29,"column":57},"end":{"line":30,"column":null}},"line":29},"2":{"name":"(anonymous_2)","decl":{"start":{"line":32,"column":8},"end":{"line":32,"column":21}},"loc":{"start":{"line":32,"column":60},"end":{"line":35,"column":null}},"line":32},"3":{"name":"(anonymous_3)","decl":{"start":{"line":33,"column":38},"end":{"line":33,"column":49}},"loc":{"start":{"line":33,"column":55},"end":{"line":33,"column":82}},"line":33},"4":{"name":"(anonymous_4)","decl":{"start":{"line":38,"column":8},"end":{"line":38,"column":21}},"loc":{"start":{"line":38,"column":62},"end":{"line":39,"column":null}},"line":38},"5":{"name":"(anonymous_5)","decl":{"start":{"line":39,"column":38},"end":{"line":39,"column":46}},"loc":{"start":{"line":39,"column":52},"end":{"line":39,"column":76}},"line":39},"6":{"name":"(anonymous_6)","decl":{"start":{"line":41,"column":8},"end":{"line":41,"column":21}},"loc":{"start":{"line":41,"column":63},"end":{"line":42,"column":null}},"line":41},"7":{"name":"(anonymous_7)","decl":{"start":{"line":44,"column":8},"end":{"line":44,"column":19}},"loc":{"start":{"line":44,"column":67},"end":{"line":45,"column":null}},"line":44}},"branchMap":{"0":{"loc":{"start":{"line":34,"column":12},"end":{"line":35,"column":null}},"type":"if","locations":[{"start":{"line":34,"column":12},"end":{"line":35,"column":null}},{"start":{},"end":{}}],"line":34}},"s":{"0":3,"1":3,"2":10,"3":2,"4":2,"5":2,"6":2,"7":2,"8":2,"9":3,"10":20,"11":0,"12":3},"f":{"0":10,"1":2,"2":2,"3":2,"4":2,"5":3,"6":20,"7":0},"b":{"0":[2,0]},"meta":{"lastBranch":1,"lastFunction":8,"lastStatement":13,"seen":{"s:16:33:20:Infinity":0,"s:22:6:48:2":1,"f:26:8:26:19":0,"s:27:12:27:Infinity":2,"f:29:8:29:18":1,"s:30:12:30:Infinity":3,"f:32:8:32:21":2,"s:33:26:33:82":4,"f:33:38:33:49":3,"s:33:55:33:82":5,"b:34:12:35:Infinity:undefined:undefined:undefined:undefined":0,"s:34:12:35:Infinity":6,"s:35:16:35:Infinity":7,"f:38:8:38:21":4,"s:39:12:39:Infinity":8,"f:39:38:39:46":5,"s:39:52:39:76":9,"f:41:8:41:21":6,"s:42:12:42:Infinity":10,"f:44:8:44:19":7,"s:45:12:45:Infinity":11,"s:50:83:50:Infinity":12}}}
,"/Users/ayamhenibermeitei/Desktop/meatec/task-manager/src/mocks/handlers.ts": {"path":"/Users/ayamhenibermeitei/Desktop/meatec/task-manager/src/mocks/handlers.ts","statementMap":{"0":{"start":{"line":5,"column":26},"end":{"line":5,"column":null}},"1":{"start":{"line":7,"column":6},"end":{"line":17,"column":null}},"2":{"start":{"line":8,"column":19},"end":{"line":8,"column":58}},"3":{"start":{"line":9,"column":4},"end":{"line":9,"column":null}},"4":{"start":{"line":9,"column":16},"end":{"line":9,"column":null}},"5":{"start":{"line":12,"column":33},"end":{"line":14,"column":null}},"6":{"start":{"line":16,"column":4},"end":{"line":16,"column":null}},"7":{"start":{"line":17,"column":4},"end":{"line":17,"column":null}},"8":{"start":{"line":20,"column":6},"end":{"line":21,"column":null}},"9":{"start":{"line":21,"column":4},"end":{"line":21,"column":null}},"10":{"start":{"line":24,"column":24},"end":{"line":79,"column":null}},"11":{"start":{"line":27,"column":40},"end":{"line":27,"column":60}},"12":{"start":{"line":29,"column":8},"end":{"line":34,"column":null}},"13":{"start":{"line":30,"column":12},"end":{"line":34,"column":null}},"14":{"start":{"line":37,"column":8},"end":{"line":37,"column":null}},"15":{"start":{"line":42,"column":8},"end":{"line":42,"column":null}},"16":{"start":{"line":47,"column":25},"end":{"line":47,"column":45}},"17":{"start":{"line":48,"column":22},"end":{"line":48,"column":32}},"18":{"start":{"line":49,"column":27},"end":{"line":49,"column":null}},"19":{"start":{"line":50,"column":8},"end":{"line":50,"column":null}},"20":{"start":{"line":51,"column":8},"end":{"line":51,"column":null}},"21":{"start":{"line":52,"column":8},"end":{"line":52,"column":null}},"22":{"start":{"line":57,"column":23},"end":{"line":57,"column":null}},"23":{"start":{"line":58,"column":29},"end":{"line":58,"column":49}},"24":{"start":{"line":59,"column":22},"end":{"line":59,"column":32}},"25":{"start":{"line":60,"column":22},"end":{"line":60,"column":57}},"26":{"start":{"line":60,"column":45},"end":{"line":60,"column":57}},"27":{"start":{"line":62,"column":8},"end":{"line":65,"column":null}},"28":{"start":{"line":63,"column":12},"end":{"line":63,"column":null}},"29":{"start":{"line":64,"column":12},"end":{"line":64,"column":null}},"30":{"start":{"line":65,"column":12},"end":{"line":65,"column":null}},"31":{"start":{"line":68,"column":8},"end":{"line":68,"column":null}},"32":{"start":{"line":73,"column":23},"end":{"line":73,"column":null}},"33":{"start":{"line":74,"column":20},"end":{"line":74,"column":30}},"34":{"start":{"line":75,"column":8},"end":{"line":75,"column":null}},"35":{"start":{"line":75,"column":36},"end":{"line":75,"column":48}},"36":{"start":{"line":76,"column":8},"end":{"line":76,"column":null}},"37":{"start":{"line":77,"column":8},"end":{"line":77,"column":null}}},"fnMap":{"0":{"name":"(anonymous_0)","decl":{"start":{"line":7,"column":6},"end":{"line":7,"column":31}},"loc":{"start":{"line":7,"column":31},"end":{"line":17,"column":null}},"line":7},"1":{"name":"(anonymous_1)","decl":{"start":{"line":20,"column":6},"end":{"line":20,"column":19}},"loc":{"start":{"line":20,"column":37},"end":{"line":21,"column":null}},"line":20},"2":{"name":"(anonymous_2)","decl":{"start":{"line":26,"column":24},"end":{"line":26,"column":31}},"loc":{"start":{"line":26,"column":47},"end":{"line":38,"column":null}},"line":26},"3":{"name":"(anonymous_3)","decl":{"start":{"line":41,"column":13},"end":{"line":41,"column":29}},"loc":{"start":{"line":41,"column":29},"end":{"line":43,"column":null}},"line":41},"4":{"name":"(anonymous_4)","decl":{"start":{"line":46,"column":24},"end":{"line":46,"column":31}},"loc":{"start":{"line":46,"column":47},"end":{"line":53,"column":null}},"line":46},"5":{"name":"(anonymous_5)","decl":{"start":{"line":56,"column":27},"end":{"line":56,"column":34}},"loc":{"start":{"line":56,"column":58},"end":{"line":69,"column":null}},"line":56},"6":{"name":"(anonymous_6)","decl":{"start":{"line":60,"column":28},"end":{"line":60,"column":39}},"loc":{"start":{"line":60,"column":45},"end":{"line":60,"column":57}},"line":60},"7":{"name":"(anonymous_7)","decl":{"start":{"line":72,"column":16},"end":{"line":72,"column":31}},"loc":{"start":{"line":72,"column":46},"end":{"line":77,"column":null}},"line":72},"8":{"name":"(anonymous_8)","decl":{"start":{"line":75,"column":22},"end":{"line":75,"column":30}},"loc":{"start":{"line":75,"column":36},"end":{"line":75,"column":48}},"line":75}},"branchMap":{"0":{"loc":{"start":{"line":9,"column":4},"end":{"line":9,"column":null}},"type":"if","locations":[{"start":{"line":9,"column":4},"end":{"line":9,"column":null}},{"start":{},"end":{}}],"line":9},"1":{"loc":{"start":{"line":29,"column":8},"end":{"line":34,"column":null}},"type":"if","locations":[{"start":{"line":29,"column":8},"end":{"line":34,"column":null}},{"start":{},"end":{}}],"line":29},"2":{"loc":{"start":{"line":29,"column":12},"end":{"line":29,"column":59}},"type":"binary-expr","locations":[{"start":{"line":29,"column":12},"end":{"line":29,"column":35}},{"start":{"line":29,"column":35},"end":{"line":29,"column":59}}],"line":29},"3":{"loc":{"start":{"line":62,"column":8},"end":{"line":65,"column":null}},"type":"if","locations":[{"start":{"line":62,"column":8},"end":{"line":65,"column":null}},{"start":{},"end":{}}],"line":62}},"s":{"0":4,"1":4,"2":12,"3":12,"4":3,"5":9,"6":9,"7":9,"8":4,"9":3,"10":4,"11":1,"12":1,"13":1,"14":0,"15":9,"16":1,"17":1,"18":1,"19":1,"20":1,"21":1,"22":1,"23":1,"24":1,"25":1,"26":1,"27":1,"28":1,"29":1,"30":1,"31":0,"32":1,"33":1,"34":1,"35":2,"36":1,"37":1},"f":{"0":12,"1":3,"2":1,"3":9,"4":1,"5":1,"6":1,"7":1,"8":2},"b":{"0":[3,9],"1":[1,0],"2":[1,1],"3":[1,0]},"meta":{"lastBranch":4,"lastFunction":9,"lastStatement":38,"seen":{"s:5:26:5:Infinity":0,"s:7:6:17:Infinity":1,"f:7:6:7:31":0,"s:8:19:8:58":2,"b:9:4:9:Infinity:undefined:undefined:undefined:undefined":0,"s:9:4:9:Infinity":3,"s:9:16:9:Infinity":4,"s:12:33:14:Infinity":5,"s:16:4:16:Infinity":6,"s:17:4:17:Infinity":7,"s:20:6:21:Infinity":8,"f:20:6:20:19":1,"s:21:4:21:Infinity":9,"s:24:24:79:Infinity":10,"f:26:24:26:31":2,"s:27:40:27:60":11,"b:29:8:34:Infinity:undefined:undefined:undefined:undefined":1,"s:29:8:34:Infinity":12,"b:29:12:29:35:29:35:29:59":2,"s:30:12:34:Infinity":13,"s:37:8:37:Infinity":14,"f:41:13:41:29":3,"s:42:8:42:Infinity":15,"f:46:24:46:31":4,"s:47:25:47:45":16,"s:48:22:48:32":17,"s:49:27:49:Infinity":18,"s:50:8:50:Infinity":19,"s:51:8:51:Infinity":20,"s:52:8:52:Infinity":21,"f:56:27:56:34":5,"s:57:23:57:Infinity":22,"s:58:29:58:49":23,"s:59:22:59:32":24,"s:60:22:60:57":25,"f:60:28:60:39":6,"s:60:45:60:57":26,"b:62:8:65:Infinity:undefined:undefined:undefined:undefined":3,"s:62:8:65:Infinity":27,"s:63:12:63:Infinity":28,"s:64:12:64:Infinity":29,"s:65:12:65:Infinity":30,"s:68:8:68:Infinity":31,"f:72:16:72:31":7,"s:73:23:73:Infinity":32,"s:74:20:74:30":33,"s:75:8:75:Infinity":34,"f:75:22:75:30":8,"s:75:36:75:48":35,"s:76:8:76:Infinity":36,"s:77:8:77:Infinity":37}}}
,"/Users/ayamhenibermeitei/Desktop/meatec/task-manager/src/mocks/server.ts": {"path":"/Users/ayamhenibermeitei/Desktop/meatec/task-manager/src/mocks/server.ts","statementMap":{"0":{"start":{"line":4,"column":13},"end":{"line":4,"column":46}}},"fnMap":{},"branchMap":{},"s":{"0":4},"f":{},"b":{},"meta":{"lastBranch":0,"lastFunction":0,"lastStatement":1,"seen":{"s:4:13:4:46":0}}}
}
